2024-05-09 10:00:10,007 INFO o.a.j.u.JMeterUtils: Setting Locale to en_EN
2024-05-09 10:00:10,038 INFO o.a.j.JMeter: Loading user properties from: user.properties
2024-05-09 10:00:10,038 INFO o.a.j.JMeter: Loading system properties from: system.properties
2024-05-09 10:00:10,054 INFO o.a.j.JMeter: Copyright (c) 1998-2024 The Apache Software Foundation
2024-05-09 10:00:10,054 INFO o.a.j.JMeter: Version 5.6.3
2024-05-09 10:00:10,054 INFO o.a.j.JMeter: java.version=17.0.10
2024-05-09 10:00:10,054 INFO o.a.j.JMeter: java.vm.name=Java HotSpot(TM) 64-Bit Server VM
2024-05-09 10:00:10,054 INFO o.a.j.JMeter: os.name=Windows 11
2024-05-09 10:00:10,054 INFO o.a.j.JMeter: os.arch=amd64
2024-05-09 10:00:10,054 INFO o.a.j.JMeter: os.version=10.0
2024-05-09 10:00:10,054 INFO o.a.j.JMeter: file.encoding=Cp1252
2024-05-09 10:00:10,054 INFO o.a.j.JMeter: java.awt.headless=null
2024-05-09 10:00:10,054 INFO o.a.j.JMeter: Max memory     =1073741824
2024-05-09 10:00:10,054 INFO o.a.j.JMeter: Available Processors =12
2024-05-09 10:00:10,071 INFO o.a.j.JMeter: Default Locale=English (EN)
2024-05-09 10:00:10,071 INFO o.a.j.JMeter: JMeter  Locale=English (EN)
2024-05-09 10:00:10,071 INFO o.a.j.JMeter: JMeterHome=C:\Users\SanthoshKumarK\Downloads\apache-jmeter-5.6.3\apache-jmeter-5.6.3
2024-05-09 10:00:10,071 INFO o.a.j.JMeter: user.dir  =C:\Users\SanthoshKumarK\Downloads\apache-jmeter-5.6.3\apache-jmeter-5.6.3\bin
2024-05-09 10:00:10,071 INFO o.a.j.JMeter: PWD       =C:\Users\SanthoshKumarK\Downloads\apache-jmeter-5.6.3\apache-jmeter-5.6.3\bin
2024-05-09 10:00:10,101 INFO o.a.j.JMeter: IP: 9.113.177.170 Name: IBM-PF4SWX0Q FullName: IBM-PF4SWX0Q.in.ibm.com
2024-05-09 10:00:10,117 INFO o.a.j.JMeter: Loaded icon properties from org/apache/jmeter/images/icon.properties
2024-05-09 10:00:10,506 INFO o.a.j.JMeterGuiLauncher: Setting LAF to: com.github.weisj.darklaf.DarkLaf:com.github.weisj.darklaf.theme.IntelliJTheme
2024-05-09 10:02:11,105 INFO o.a.j.p.h.s.HTTPSamplerBase: Parser for text/html is org.apache.jmeter.protocol.http.parser.LagartoBasedHtmlParser
2024-05-09 10:02:11,105 INFO o.a.j.p.h.s.HTTPSamplerBase: Parser for application/xhtml+xml is org.apache.jmeter.protocol.http.parser.LagartoBasedHtmlParser
2024-05-09 10:02:11,105 INFO o.a.j.p.h.s.HTTPSamplerBase: Parser for application/xml is org.apache.jmeter.protocol.http.parser.LagartoBasedHtmlParser
2024-05-09 10:02:11,105 INFO o.a.j.p.h.s.HTTPSamplerBase: Parser for text/xml is org.apache.jmeter.protocol.http.parser.LagartoBasedHtmlParser
2024-05-09 10:02:11,105 INFO o.a.j.p.h.s.HTTPSamplerBase: Parser for text/vnd.wap.wml is org.apache.jmeter.protocol.http.parser.RegexpHTMLParser
2024-05-09 10:02:11,105 INFO o.a.j.p.h.s.HTTPSamplerBase: Parser for text/css is org.apache.jmeter.protocol.http.parser.CssParser
2024-05-09 10:02:29,208 INFO o.a.j.s.FileServer: Default base='C:\Users\SanthoshKumarK\Downloads\apache-jmeter-5.6.3\apache-jmeter-5.6.3\bin'
2024-05-09 10:02:29,219 INFO o.a.j.s.FileServer: Set new base='C:\Users\SanthoshKumarK\Downloads\apache-jmeter-5.6.3\apache-jmeter-5.6.3\bin'
2024-05-09 10:02:29,486 INFO o.a.j.s.SaveService: Testplan (JMX) version: 2.2. Testlog (JTL) version: 2.2
2024-05-09 10:02:29,518 INFO o.a.j.s.SaveService: Using SaveService properties version 5.0
2024-05-09 10:02:29,533 INFO o.a.j.s.SaveService: Using SaveService properties file encoding UTF-8
2024-05-09 10:03:06,640 INFO o.a.j.s.SampleResult: Note: Sample TimeStamps are START times
2024-05-09 10:03:06,640 INFO o.a.j.s.SampleResult: sampleresult.default.encoding is set to UTF-8
2024-05-09 10:03:06,640 INFO o.a.j.s.SampleResult: sampleresult.useNanoTime=true
2024-05-09 10:03:06,640 INFO o.a.j.s.SampleResult: sampleresult.nanoThreadSleep=5000
2024-05-09 10:06:33,616 INFO o.a.j.e.StandardJMeterEngine: Running the test!
2024-05-09 10:06:33,616 INFO o.a.j.s.SampleEvent: List of sample_variables: []
2024-05-09 10:06:33,616 INFO o.a.j.s.SampleEvent: List of sample_variables: []
2024-05-09 10:06:33,616 INFO o.a.j.e.u.CompoundVariable: Note: Function class names must contain the string: '.functions.'
2024-05-09 10:06:33,616 INFO o.a.j.e.u.CompoundVariable: Note: Function class names must not contain the string: '.gui.'
2024-05-09 10:06:33,680 INFO o.a.j.g.u.JMeterMenuBar: setRunning(true, *local*)
2024-05-09 10:06:33,743 INFO o.a.j.e.StandardJMeterEngine: Starting ThreadGroup: 1 : Thread Group
2024-05-09 10:06:33,743 INFO o.a.j.e.StandardJMeterEngine: Starting 1 threads for group Thread Group.
2024-05-09 10:06:33,743 INFO o.a.j.e.StandardJMeterEngine: Thread will continue on error
2024-05-09 10:06:33,743 INFO o.a.j.t.ThreadGroup: Starting thread group... number=1 threads=1 ramp-up=1 delayedStart=false
2024-05-09 10:06:33,743 INFO o.a.j.t.ThreadGroup: Started thread group number 1
2024-05-09 10:06:33,743 INFO o.a.j.e.StandardJMeterEngine: All thread groups have been started
2024-05-09 10:06:33,743 INFO o.a.j.t.JMeterThread: Thread started: Thread Group 1-1
2024-05-09 10:06:33,885 ERROR o.a.j.c.IfController: If Controller: error while processing [$(count)<100]
org.mozilla.javascript.EcmaError: ReferenceError: "count" is not defined. (<cmd>#1)
	at org.mozilla.javascript.ScriptRuntime.constructError(ScriptRuntime.java:4563) ~[rhino-1.7.14.jar:1.7.14]
	at org.mozilla.javascript.ScriptRuntime.constructError(ScriptRuntime.java:4544) ~[rhino-1.7.14.jar:1.7.14]
	at org.mozilla.javascript.ScriptRuntime.notFoundError(ScriptRuntime.java:4632) ~[rhino-1.7.14.jar:1.7.14]
	at org.mozilla.javascript.ScriptRuntime.name(ScriptRuntime.java:1952) ~[rhino-1.7.14.jar:1.7.14]
	at org.mozilla.javascript.gen._cmd__1._c_script_0(<cmd>:1) ~[?:?]
	at org.mozilla.javascript.gen._cmd__1.call(<cmd>) ~[?:?]
	at org.mozilla.javascript.ContextFactory.doTopCall(ContextFactory.java:380) ~[rhino-1.7.14.jar:1.7.14]
	at org.mozilla.javascript.ScriptRuntime.doTopCall(ScriptRuntime.java:3868) ~[rhino-1.7.14.jar:1.7.14]
	at org.mozilla.javascript.gen._cmd__1.call(<cmd>) ~[?:?]
	at org.mozilla.javascript.gen._cmd__1.exec(<cmd>) ~[?:?]
	at org.mozilla.javascript.Context.evaluateString(Context.java:1137) ~[rhino-1.7.14.jar:1.7.14]
	at org.apache.jmeter.control.IfController$RhinoJsEngine.evaluate(IfController.java:92) [ApacheJMeter_core.jar:5.6.3]
	at org.apache.jmeter.control.IfController.evaluateCondition(IfController.java:181) [ApacheJMeter_core.jar:5.6.3]
	at org.apache.jmeter.control.IfController.next(IfController.java:236) [ApacheJMeter_core.jar:5.6.3]
	at org.apache.jmeter.control.GenericController.nextIsAController(GenericController.java:232) [ApacheJMeter_core.jar:5.6.3]
	at org.apache.jmeter.control.GenericController.next(GenericController.java:185) [ApacheJMeter_core.jar:5.6.3]
	at org.apache.jmeter.control.LoopController.next(LoopController.java:119) [ApacheJMeter_core.jar:5.6.3]
	at org.apache.jmeter.threads.AbstractThreadGroup.next(AbstractThreadGroup.java:109) [ApacheJMeter_core.jar:5.6.3]
	at org.apache.jmeter.threads.JMeterThread.run(JMeterThread.java:266) [ApacheJMeter_core.jar:5.6.3]
	at java.base/java.lang.Thread.run(Thread.java:842) [?:?]
2024-05-09 10:06:33,916 INFO o.a.j.p.h.s.HTTPHCAbstractImpl: Local host = IBM-PF4SWX0Q
2024-05-09 10:06:33,916 INFO o.a.j.p.h.s.HTTPHC4Impl: HTTP request retry count = 0
2024-05-09 10:06:34,721 INFO o.a.j.p.h.s.h.LazyLayeredConnectionSocketFactory: Setting up HTTPS TrustAll Socket Factory
2024-05-09 10:06:34,721 INFO o.a.j.u.JsseSSLManager: Using default SSL protocol: TLS
2024-05-09 10:06:34,721 INFO o.a.j.u.JsseSSLManager: SSL session context: per-thread
2024-05-09 10:06:35,150 INFO o.a.j.u.SSLManager: JmeterKeyStore Location:  type JKS
2024-05-09 10:06:35,150 INFO o.a.j.u.SSLManager: KeyStore created OK
2024-05-09 10:06:35,150 WARN o.a.j.u.SSLManager: Keystore file not found, loading empty keystore
2024-05-09 10:06:37,136 INFO o.a.j.t.JMeterThread: Thread is done: Thread Group 1-1
2024-05-09 10:06:37,136 INFO o.a.j.t.JMeterThread: Thread finished: Thread Group 1-1
2024-05-09 10:06:37,144 INFO o.a.j.e.StandardJMeterEngine: Notifying test listeners of end of test
2024-05-09 10:06:37,144 INFO o.a.j.g.u.JMeterMenuBar: setRunning(false, *local*)
2024-05-09 10:09:31,803 INFO o.a.j.e.StandardJMeterEngine: Running the test!
2024-05-09 10:09:31,804 INFO o.a.j.s.SampleEvent: List of sample_variables: []
2024-05-09 10:09:31,804 INFO o.a.j.g.u.JMeterMenuBar: setRunning(true, *local*)
2024-05-09 10:09:31,872 INFO o.a.j.e.StandardJMeterEngine: Starting ThreadGroup: 1 : Thread Group
2024-05-09 10:09:31,872 INFO o.a.j.e.StandardJMeterEngine: Starting 1 threads for group Thread Group.
2024-05-09 10:09:31,872 INFO o.a.j.e.StandardJMeterEngine: Thread will continue on error
2024-05-09 10:09:31,872 INFO o.a.j.t.ThreadGroup: Starting thread group... number=1 threads=1 ramp-up=1 delayedStart=false
2024-05-09 10:09:31,872 INFO o.a.j.t.ThreadGroup: Started thread group number 1
2024-05-09 10:09:31,872 INFO o.a.j.e.StandardJMeterEngine: All thread groups have been started
2024-05-09 10:09:31,872 INFO o.a.j.t.JMeterThread: Thread started: Thread Group 1-1
2024-05-09 10:09:31,872 ERROR o.a.j.c.IfController: If Controller: error while processing [$(count)<100]
org.mozilla.javascript.EcmaError: ReferenceError: "count" is not defined. (<cmd>#1)
	at org.mozilla.javascript.ScriptRuntime.constructError(ScriptRuntime.java:4563) ~[rhino-1.7.14.jar:1.7.14]
	at org.mozilla.javascript.ScriptRuntime.constructError(ScriptRuntime.java:4544) ~[rhino-1.7.14.jar:1.7.14]
	at org.mozilla.javascript.ScriptRuntime.notFoundError(ScriptRuntime.java:4632) ~[rhino-1.7.14.jar:1.7.14]
	at org.mozilla.javascript.ScriptRuntime.name(ScriptRuntime.java:1952) ~[rhino-1.7.14.jar:1.7.14]
	at org.mozilla.javascript.gen._cmd__2._c_script_0(<cmd>:1) ~[?:?]
	at org.mozilla.javascript.gen._cmd__2.call(<cmd>) ~[?:?]
	at org.mozilla.javascript.ContextFactory.doTopCall(ContextFactory.java:380) ~[rhino-1.7.14.jar:1.7.14]
	at org.mozilla.javascript.ScriptRuntime.doTopCall(ScriptRuntime.java:3868) ~[rhino-1.7.14.jar:1.7.14]
	at org.mozilla.javascript.gen._cmd__2.call(<cmd>) ~[?:?]
	at org.mozilla.javascript.gen._cmd__2.exec(<cmd>) ~[?:?]
	at org.mozilla.javascript.Context.evaluateString(Context.java:1137) ~[rhino-1.7.14.jar:1.7.14]
	at org.apache.jmeter.control.IfController$RhinoJsEngine.evaluate(IfController.java:92) [ApacheJMeter_core.jar:5.6.3]
	at org.apache.jmeter.control.IfController.evaluateCondition(IfController.java:181) [ApacheJMeter_core.jar:5.6.3]
	at org.apache.jmeter.control.IfController.next(IfController.java:236) [ApacheJMeter_core.jar:5.6.3]
	at org.apache.jmeter.control.GenericController.nextIsAController(GenericController.java:232) [ApacheJMeter_core.jar:5.6.3]
	at org.apache.jmeter.control.GenericController.next(GenericController.java:185) [ApacheJMeter_core.jar:5.6.3]
	at org.apache.jmeter.control.LoopController.next(LoopController.java:119) [ApacheJMeter_core.jar:5.6.3]
	at org.apache.jmeter.threads.AbstractThreadGroup.next(AbstractThreadGroup.java:109) [ApacheJMeter_core.jar:5.6.3]
	at org.apache.jmeter.threads.JMeterThread.run(JMeterThread.java:266) [ApacheJMeter_core.jar:5.6.3]
	at java.base/java.lang.Thread.run(Thread.java:842) [?:?]
2024-05-09 10:09:35,022 INFO o.a.j.t.JMeterThread: Thread is done: Thread Group 1-1
2024-05-09 10:09:35,022 INFO o.a.j.t.JMeterThread: Thread finished: Thread Group 1-1
2024-05-09 10:09:35,037 INFO o.a.j.e.StandardJMeterEngine: Notifying test listeners of end of test
2024-05-09 10:09:35,037 INFO o.a.j.g.u.JMeterMenuBar: setRunning(false, *local*)
2024-05-09 10:14:30,019 INFO o.a.j.e.StandardJMeterEngine: Running the test!
2024-05-09 10:14:30,020 INFO o.a.j.s.SampleEvent: List of sample_variables: []
2024-05-09 10:14:30,020 INFO o.a.j.g.u.JMeterMenuBar: setRunning(true, *local*)
2024-05-09 10:14:30,080 INFO o.a.j.e.StandardJMeterEngine: Starting ThreadGroup: 1 : Thread Group
2024-05-09 10:14:30,085 INFO o.a.j.e.StandardJMeterEngine: Starting 1 threads for group Thread Group.
2024-05-09 10:14:30,085 INFO o.a.j.e.StandardJMeterEngine: Thread will continue on error
2024-05-09 10:14:30,085 INFO o.a.j.t.ThreadGroup: Starting thread group... number=1 threads=1 ramp-up=1 delayedStart=false
2024-05-09 10:14:30,085 INFO o.a.j.t.ThreadGroup: Started thread group number 1
2024-05-09 10:14:30,085 INFO o.a.j.e.StandardJMeterEngine: All thread groups have been started
2024-05-09 10:14:30,085 INFO o.a.j.t.JMeterThread: Thread started: Thread Group 1-1
2024-05-09 10:14:34,385 INFO o.a.j.t.JMeterThread: Thread is done: Thread Group 1-1
2024-05-09 10:14:34,385 INFO o.a.j.t.JMeterThread: Thread finished: Thread Group 1-1
2024-05-09 10:14:34,400 INFO o.a.j.e.StandardJMeterEngine: Notifying test listeners of end of test
2024-05-09 10:14:34,400 INFO o.a.j.g.u.JMeterMenuBar: setRunning(false, *local*)
2024-05-09 10:15:04,735 INFO o.a.j.e.StandardJMeterEngine: Running the test!
2024-05-09 10:15:04,735 INFO o.a.j.s.SampleEvent: List of sample_variables: []
2024-05-09 10:15:04,735 INFO o.a.j.g.u.JMeterMenuBar: setRunning(true, *local*)
2024-05-09 10:15:04,797 INFO o.a.j.e.StandardJMeterEngine: Starting ThreadGroup: 1 : Thread Group
2024-05-09 10:15:04,797 INFO o.a.j.e.StandardJMeterEngine: Starting 1 threads for group Thread Group.
2024-05-09 10:15:04,797 INFO o.a.j.e.StandardJMeterEngine: Thread will continue on error
2024-05-09 10:15:04,797 INFO o.a.j.t.ThreadGroup: Starting thread group... number=1 threads=1 ramp-up=1 delayedStart=false
2024-05-09 10:15:04,797 INFO o.a.j.t.ThreadGroup: Started thread group number 1
2024-05-09 10:15:04,797 INFO o.a.j.e.StandardJMeterEngine: All thread groups have been started
2024-05-09 10:15:04,803 INFO o.a.j.t.JMeterThread: Thread started: Thread Group 1-1
2024-05-09 10:15:09,247 INFO o.a.j.t.JMeterThread: Thread is done: Thread Group 1-1
2024-05-09 10:15:09,247 INFO o.a.j.t.JMeterThread: Thread finished: Thread Group 1-1
2024-05-09 10:15:09,247 INFO o.a.j.e.StandardJMeterEngine: Notifying test listeners of end of test
2024-05-09 10:15:09,247 INFO o.a.j.g.u.JMeterMenuBar: setRunning(false, *local*)
2024-05-09 11:46:06,367 INFO o.a.j.s.FileServer: Set new base='C:\Users\SanthoshKumarK\Downloads\apache-jmeter-5.6.3\apache-jmeter-5.6.3\bin'
2024-05-09 11:46:37,527 INFO o.a.j.e.StandardJMeterEngine: Running the test!
2024-05-09 11:46:37,527 INFO o.a.j.s.SampleEvent: List of sample_variables: []
2024-05-09 11:46:37,527 INFO o.a.j.g.u.JMeterMenuBar: setRunning(true, *local*)
2024-05-09 11:46:37,635 INFO o.a.j.e.StandardJMeterEngine: Starting ThreadGroup: 1 : Thread Group
2024-05-09 11:46:37,635 INFO o.a.j.e.StandardJMeterEngine: Starting 1 threads for group Thread Group.
2024-05-09 11:46:37,635 INFO o.a.j.e.StandardJMeterEngine: Thread will continue on error
2024-05-09 11:46:37,635 INFO o.a.j.t.ThreadGroup: Starting thread group... number=1 threads=1 ramp-up=1 delayedStart=false
2024-05-09 11:46:37,635 INFO o.a.j.t.ThreadGroup: Started thread group number 1
2024-05-09 11:46:37,635 INFO o.a.j.e.StandardJMeterEngine: All thread groups have been started
2024-05-09 11:46:37,635 INFO o.a.j.t.JMeterThread: Thread started: Thread Group 1-1
2024-05-09 11:46:39,651 INFO o.a.j.t.JMeterThread: Thread is done: Thread Group 1-1
2024-05-09 11:46:39,651 INFO o.a.j.t.JMeterThread: Thread finished: Thread Group 1-1
2024-05-09 11:46:39,651 INFO o.a.j.e.StandardJMeterEngine: Notifying test listeners of end of test
2024-05-09 11:46:39,651 INFO o.a.j.g.u.JMeterMenuBar: setRunning(false, *local*)
2024-05-09 11:49:26,224 INFO o.a.j.e.StandardJMeterEngine: Running the test!
2024-05-09 11:49:26,224 INFO o.a.j.s.SampleEvent: List of sample_variables: []
2024-05-09 11:49:26,224 INFO o.a.j.g.u.JMeterMenuBar: setRunning(true, *local*)
2024-05-09 11:49:26,303 INFO o.a.j.e.StandardJMeterEngine: Starting ThreadGroup: 1 : Thread Group
2024-05-09 11:49:26,303 INFO o.a.j.e.StandardJMeterEngine: Starting 1 threads for group Thread Group.
2024-05-09 11:49:26,303 INFO o.a.j.e.StandardJMeterEngine: Thread will continue on error
2024-05-09 11:49:26,303 INFO o.a.j.t.ThreadGroup: Starting thread group... number=1 threads=1 ramp-up=1 delayedStart=false
2024-05-09 11:49:26,303 INFO o.a.j.t.ThreadGroup: Started thread group number 1
2024-05-09 11:49:26,303 INFO o.a.j.e.StandardJMeterEngine: All thread groups have been started
2024-05-09 11:49:26,303 INFO o.a.j.t.JMeterThread: Thread started: Thread Group 1-1
2024-05-09 11:49:27,935 INFO o.a.j.t.JMeterThread: Thread is done: Thread Group 1-1
2024-05-09 11:49:27,935 INFO o.a.j.t.JMeterThread: Thread finished: Thread Group 1-1
2024-05-09 11:49:27,939 INFO o.a.j.e.StandardJMeterEngine: Notifying test listeners of end of test
2024-05-09 11:49:27,940 INFO o.a.j.g.u.JMeterMenuBar: setRunning(false, *local*)
2024-05-09 11:50:46,234 INFO o.a.j.e.StandardJMeterEngine: Running the test!
2024-05-09 11:50:46,234 INFO o.a.j.s.SampleEvent: List of sample_variables: []
2024-05-09 11:50:46,234 INFO o.a.j.g.u.JMeterMenuBar: setRunning(true, *local*)
2024-05-09 11:50:46,297 INFO o.a.j.e.StandardJMeterEngine: Starting ThreadGroup: 1 : Thread Group
2024-05-09 11:50:46,297 INFO o.a.j.e.StandardJMeterEngine: Starting 1 threads for group Thread Group.
2024-05-09 11:50:46,297 INFO o.a.j.e.StandardJMeterEngine: Thread will continue on error
2024-05-09 11:50:46,297 INFO o.a.j.t.ThreadGroup: Starting thread group... number=1 threads=1 ramp-up=1 delayedStart=false
2024-05-09 11:50:46,297 INFO o.a.j.t.ThreadGroup: Started thread group number 1
2024-05-09 11:50:46,297 INFO o.a.j.e.StandardJMeterEngine: All thread groups have been started
2024-05-09 11:50:46,297 INFO o.a.j.t.JMeterThread: Thread started: Thread Group 1-1
2024-05-09 11:50:48,234 INFO o.a.j.t.JMeterThread: Thread is done: Thread Group 1-1
2024-05-09 11:50:48,234 INFO o.a.j.t.JMeterThread: Thread finished: Thread Group 1-1
2024-05-09 11:50:48,234 INFO o.a.j.e.StandardJMeterEngine: Notifying test listeners of end of test
2024-05-09 11:50:48,234 INFO o.a.j.g.u.JMeterMenuBar: setRunning(false, *local*)
2024-05-09 11:51:07,293 INFO o.a.j.e.StandardJMeterEngine: Running the test!
2024-05-09 11:51:07,308 INFO o.a.j.s.SampleEvent: List of sample_variables: []
2024-05-09 11:51:07,308 INFO o.a.j.g.u.JMeterMenuBar: setRunning(true, *local*)
2024-05-09 11:51:07,356 INFO o.a.j.e.StandardJMeterEngine: Starting ThreadGroup: 1 : Thread Group
2024-05-09 11:51:07,356 INFO o.a.j.e.StandardJMeterEngine: Starting 1 threads for group Thread Group.
2024-05-09 11:51:07,356 INFO o.a.j.e.StandardJMeterEngine: Thread will continue on error
2024-05-09 11:51:07,356 INFO o.a.j.t.ThreadGroup: Starting thread group... number=1 threads=1 ramp-up=1 delayedStart=false
2024-05-09 11:51:07,371 INFO o.a.j.t.ThreadGroup: Started thread group number 1
2024-05-09 11:51:07,371 INFO o.a.j.e.StandardJMeterEngine: All thread groups have been started
2024-05-09 11:51:07,371 INFO o.a.j.t.JMeterThread: Thread started: Thread Group 1-1
2024-05-09 11:51:08,779 INFO o.a.j.t.JMeterThread: Thread is done: Thread Group 1-1
2024-05-09 11:51:08,779 INFO o.a.j.t.JMeterThread: Thread finished: Thread Group 1-1
2024-05-09 11:51:08,779 INFO o.a.j.e.StandardJMeterEngine: Notifying test listeners of end of test
2024-05-09 11:51:08,779 INFO o.a.j.g.u.JMeterMenuBar: setRunning(false, *local*)
2024-05-09 11:52:15,174 INFO o.a.j.e.StandardJMeterEngine: Running the test!
2024-05-09 11:52:15,174 INFO o.a.j.s.SampleEvent: List of sample_variables: []
2024-05-09 11:52:15,174 INFO o.a.j.g.u.JMeterMenuBar: setRunning(true, *local*)
2024-05-09 11:52:15,228 INFO o.a.j.e.StandardJMeterEngine: Starting ThreadGroup: 1 : Thread Group
2024-05-09 11:52:15,228 INFO o.a.j.e.StandardJMeterEngine: Starting 1 threads for group Thread Group.
2024-05-09 11:52:15,228 INFO o.a.j.e.StandardJMeterEngine: Thread will continue on error
2024-05-09 11:52:15,228 INFO o.a.j.t.ThreadGroup: Starting thread group... number=1 threads=1 ramp-up=1 delayedStart=false
2024-05-09 11:52:15,237 INFO o.a.j.t.ThreadGroup: Started thread group number 1
2024-05-09 11:52:15,237 INFO o.a.j.e.StandardJMeterEngine: All thread groups have been started
2024-05-09 11:52:15,237 INFO o.a.j.t.JMeterThread: Thread started: Thread Group 1-1
2024-05-09 11:52:16,681 INFO o.a.j.t.JMeterThread: Thread is done: Thread Group 1-1
2024-05-09 11:52:16,681 INFO o.a.j.t.JMeterThread: Thread finished: Thread Group 1-1
2024-05-09 11:52:16,681 INFO o.a.j.e.StandardJMeterEngine: Notifying test listeners of end of test
2024-05-09 11:52:16,681 INFO o.a.j.g.u.JMeterMenuBar: setRunning(false, *local*)
2024-05-09 11:53:51,842 INFO o.a.j.e.StandardJMeterEngine: Running the test!
2024-05-09 11:53:51,842 INFO o.a.j.s.SampleEvent: List of sample_variables: []
2024-05-09 11:53:51,842 INFO o.a.j.g.u.JMeterMenuBar: setRunning(true, *local*)
2024-05-09 11:53:51,913 INFO o.a.j.e.StandardJMeterEngine: Starting ThreadGroup: 1 : Thread Group
2024-05-09 11:53:51,913 INFO o.a.j.e.StandardJMeterEngine: Starting 1 threads for group Thread Group.
2024-05-09 11:53:51,913 INFO o.a.j.e.StandardJMeterEngine: Thread will continue on error
2024-05-09 11:53:51,913 INFO o.a.j.t.ThreadGroup: Starting thread group... number=1 threads=1 ramp-up=1 delayedStart=false
2024-05-09 11:53:51,913 INFO o.a.j.t.ThreadGroup: Started thread group number 1
2024-05-09 11:53:51,913 INFO o.a.j.e.StandardJMeterEngine: All thread groups have been started
2024-05-09 11:53:51,913 INFO o.a.j.t.JMeterThread: Thread started: Thread Group 1-1
2024-05-09 11:53:53,135 INFO o.a.j.t.JMeterThread: Thread is done: Thread Group 1-1
2024-05-09 11:53:53,135 INFO o.a.j.t.JMeterThread: Thread finished: Thread Group 1-1
2024-05-09 11:53:53,135 INFO o.a.j.e.StandardJMeterEngine: Notifying test listeners of end of test
2024-05-09 11:53:53,135 INFO o.a.j.g.u.JMeterMenuBar: setRunning(false, *local*)
2024-05-09 11:54:35,411 INFO o.a.j.e.StandardJMeterEngine: Running the test!
2024-05-09 11:54:35,411 INFO o.a.j.s.SampleEvent: List of sample_variables: []
2024-05-09 11:54:35,411 INFO o.a.j.g.u.JMeterMenuBar: setRunning(true, *local*)
2024-05-09 11:54:35,467 INFO o.a.j.e.StandardJMeterEngine: Starting ThreadGroup: 1 : Thread Group
2024-05-09 11:54:35,467 INFO o.a.j.e.StandardJMeterEngine: Starting 1 threads for group Thread Group.
2024-05-09 11:54:35,467 INFO o.a.j.e.StandardJMeterEngine: Thread will continue on error
2024-05-09 11:54:35,467 INFO o.a.j.t.ThreadGroup: Starting thread group... number=1 threads=1 ramp-up=1 delayedStart=false
2024-05-09 11:54:35,467 INFO o.a.j.t.ThreadGroup: Started thread group number 1
2024-05-09 11:54:35,467 INFO o.a.j.e.StandardJMeterEngine: All thread groups have been started
2024-05-09 11:54:35,467 INFO o.a.j.t.JMeterThread: Thread started: Thread Group 1-1
2024-05-09 11:54:36,947 INFO o.a.j.t.JMeterThread: Thread is done: Thread Group 1-1
2024-05-09 11:54:36,961 INFO o.a.j.t.JMeterThread: Thread finished: Thread Group 1-1
2024-05-09 11:54:36,961 INFO o.a.j.e.StandardJMeterEngine: Notifying test listeners of end of test
2024-05-09 11:54:36,961 INFO o.a.j.g.u.JMeterMenuBar: setRunning(false, *local*)
2024-05-09 11:57:11,982 INFO o.a.j.e.StandardJMeterEngine: Running the test!
2024-05-09 11:57:11,982 INFO o.a.j.s.SampleEvent: List of sample_variables: []
2024-05-09 11:57:11,982 INFO o.a.j.g.u.JMeterMenuBar: setRunning(true, *local*)
2024-05-09 11:57:12,054 INFO o.a.j.e.StandardJMeterEngine: Starting ThreadGroup: 1 : Thread Group
2024-05-09 11:57:12,054 INFO o.a.j.e.StandardJMeterEngine: Starting 1 threads for group Thread Group.
2024-05-09 11:57:12,054 INFO o.a.j.e.StandardJMeterEngine: Thread will continue on error
2024-05-09 11:57:12,054 INFO o.a.j.t.ThreadGroup: Starting thread group... number=1 threads=1 ramp-up=1 delayedStart=false
2024-05-09 11:57:12,054 INFO o.a.j.t.ThreadGroup: Started thread group number 1
2024-05-09 11:57:12,054 INFO o.a.j.e.StandardJMeterEngine: All thread groups have been started
2024-05-09 11:57:12,054 INFO o.a.j.t.JMeterThread: Thread started: Thread Group 1-1
2024-05-09 11:57:13,454 INFO o.a.j.t.JMeterThread: Thread is done: Thread Group 1-1
2024-05-09 11:57:13,454 INFO o.a.j.t.JMeterThread: Thread finished: Thread Group 1-1
2024-05-09 11:57:13,454 INFO o.a.j.e.StandardJMeterEngine: Notifying test listeners of end of test
2024-05-09 11:57:13,454 INFO o.a.j.g.u.JMeterMenuBar: setRunning(false, *local*)
2024-05-09 12:02:28,843 INFO o.a.j.e.StandardJMeterEngine: Running the test!
2024-05-09 12:02:28,844 INFO o.a.j.s.SampleEvent: List of sample_variables: []
2024-05-09 12:02:28,844 INFO o.a.j.g.u.JMeterMenuBar: setRunning(true, *local*)
2024-05-09 12:02:28,890 INFO o.a.j.e.StandardJMeterEngine: Starting ThreadGroup: 1 : Thread Group
2024-05-09 12:02:28,890 INFO o.a.j.e.StandardJMeterEngine: Starting 1 threads for group Thread Group.
2024-05-09 12:02:28,890 INFO o.a.j.e.StandardJMeterEngine: Thread will continue on error
2024-05-09 12:02:28,890 INFO o.a.j.t.ThreadGroup: Starting thread group... number=1 threads=1 ramp-up=1 delayedStart=false
2024-05-09 12:02:28,906 INFO o.a.j.t.ThreadGroup: Started thread group number 1
2024-05-09 12:02:28,906 INFO o.a.j.e.StandardJMeterEngine: All thread groups have been started
2024-05-09 12:02:28,906 INFO o.a.j.t.JMeterThread: Thread started: Thread Group 1-1
2024-05-09 12:02:30,344 INFO o.a.j.t.JMeterThread: Thread is done: Thread Group 1-1
2024-05-09 12:02:30,344 INFO o.a.j.t.JMeterThread: Thread finished: Thread Group 1-1
2024-05-09 12:02:30,358 INFO o.a.j.e.StandardJMeterEngine: Notifying test listeners of end of test
2024-05-09 12:02:30,358 INFO o.a.j.g.u.JMeterMenuBar: setRunning(false, *local*)
2024-05-09 12:04:20,585 INFO o.a.j.e.StandardJMeterEngine: Running the test!
2024-05-09 12:04:20,585 INFO o.a.j.s.SampleEvent: List of sample_variables: []
2024-05-09 12:04:20,585 INFO o.a.j.g.u.JMeterMenuBar: setRunning(true, *local*)
2024-05-09 12:04:20,658 INFO o.a.j.e.StandardJMeterEngine: Starting ThreadGroup: 1 : Thread Group
2024-05-09 12:04:20,658 INFO o.a.j.e.StandardJMeterEngine: Starting 1 threads for group Thread Group.
2024-05-09 12:04:20,658 INFO o.a.j.e.StandardJMeterEngine: Thread will continue on error
2024-05-09 12:04:20,658 INFO o.a.j.t.ThreadGroup: Starting thread group... number=1 threads=1 ramp-up=1 delayedStart=false
2024-05-09 12:04:20,658 INFO o.a.j.t.ThreadGroup: Started thread group number 1
2024-05-09 12:04:20,658 INFO o.a.j.e.StandardJMeterEngine: All thread groups have been started
2024-05-09 12:04:20,658 INFO o.a.j.t.JMeterThread: Thread started: Thread Group 1-1
2024-05-09 12:04:21,769 INFO o.a.j.t.JMeterThread: Thread is done: Thread Group 1-1
2024-05-09 12:04:21,769 INFO o.a.j.t.JMeterThread: Thread finished: Thread Group 1-1
2024-05-09 12:04:21,771 INFO o.a.j.e.StandardJMeterEngine: Notifying test listeners of end of test
2024-05-09 12:04:21,771 INFO o.a.j.g.u.JMeterMenuBar: setRunning(false, *local*)
2024-05-09 12:04:38,610 INFO o.a.j.e.StandardJMeterEngine: Running the test!
2024-05-09 12:04:38,610 INFO o.a.j.s.SampleEvent: List of sample_variables: []
2024-05-09 12:04:38,610 INFO o.a.j.g.u.JMeterMenuBar: setRunning(true, *local*)
2024-05-09 12:04:38,689 INFO o.a.j.e.StandardJMeterEngine: Starting ThreadGroup: 1 : Thread Group
2024-05-09 12:04:38,689 INFO o.a.j.e.StandardJMeterEngine: Starting 1 threads for group Thread Group.
2024-05-09 12:04:38,689 INFO o.a.j.e.StandardJMeterEngine: Thread will continue on error
2024-05-09 12:04:38,689 INFO o.a.j.t.ThreadGroup: Starting thread group... number=1 threads=1 ramp-up=1 delayedStart=false
2024-05-09 12:04:38,689 INFO o.a.j.t.JMeterThread: Thread started: Thread Group 1-1
2024-05-09 12:04:38,689 INFO o.a.j.t.ThreadGroup: Started thread group number 1
2024-05-09 12:04:38,689 INFO o.a.j.e.StandardJMeterEngine: All thread groups have been started
2024-05-09 12:04:40,092 INFO o.a.j.t.JMeterThread: Thread is done: Thread Group 1-1
2024-05-09 12:04:40,092 INFO o.a.j.t.JMeterThread: Thread finished: Thread Group 1-1
2024-05-09 12:04:40,092 INFO o.a.j.e.StandardJMeterEngine: Notifying test listeners of end of test
2024-05-09 12:04:40,092 INFO o.a.j.g.u.JMeterMenuBar: setRunning(false, *local*)
2024-05-09 12:09:04,420 INFO o.a.j.e.StandardJMeterEngine: Running the test!
2024-05-09 12:09:04,420 INFO o.a.j.s.SampleEvent: List of sample_variables: []
2024-05-09 12:09:04,420 INFO o.a.j.g.u.JMeterMenuBar: setRunning(true, *local*)
2024-05-09 12:09:04,475 INFO o.a.j.e.StandardJMeterEngine: Starting ThreadGroup: 1 : Thread Group
2024-05-09 12:09:04,475 INFO o.a.j.e.StandardJMeterEngine: Starting 1 threads for group Thread Group.
2024-05-09 12:09:04,475 INFO o.a.j.e.StandardJMeterEngine: Thread will continue on error
2024-05-09 12:09:04,475 INFO o.a.j.t.ThreadGroup: Starting thread group... number=1 threads=1 ramp-up=1 delayedStart=false
2024-05-09 12:09:04,475 INFO o.a.j.t.ThreadGroup: Started thread group number 1
2024-05-09 12:09:04,475 INFO o.a.j.e.StandardJMeterEngine: All thread groups have been started
2024-05-09 12:09:04,476 INFO o.a.j.t.JMeterThread: Thread started: Thread Group 1-1
2024-05-09 12:09:05,666 INFO o.a.j.t.JMeterThread: Thread is done: Thread Group 1-1
2024-05-09 12:09:05,666 INFO o.a.j.t.JMeterThread: Thread finished: Thread Group 1-1
2024-05-09 12:09:05,666 INFO o.a.j.e.StandardJMeterEngine: Notifying test listeners of end of test
2024-05-09 12:09:05,666 INFO o.a.j.g.u.JMeterMenuBar: setRunning(false, *local*)
2024-05-09 12:12:52,234 INFO o.a.j.e.StandardJMeterEngine: Running the test!
2024-05-09 12:12:52,234 INFO o.a.j.s.SampleEvent: List of sample_variables: []
2024-05-09 12:12:52,250 INFO o.a.j.g.u.JMeterMenuBar: setRunning(true, *local*)
2024-05-09 12:12:52,315 INFO o.a.j.e.StandardJMeterEngine: Starting ThreadGroup: 1 : Thread Group
2024-05-09 12:12:52,315 INFO o.a.j.e.StandardJMeterEngine: Starting 1 threads for group Thread Group.
2024-05-09 12:12:52,315 INFO o.a.j.e.StandardJMeterEngine: Thread will continue on error
2024-05-09 12:12:52,315 INFO o.a.j.t.ThreadGroup: Starting thread group... number=1 threads=1 ramp-up=1 delayedStart=false
2024-05-09 12:12:52,315 INFO o.a.j.t.ThreadGroup: Started thread group number 1
2024-05-09 12:12:52,315 INFO o.a.j.e.StandardJMeterEngine: All thread groups have been started
2024-05-09 12:12:52,315 INFO o.a.j.t.JMeterThread: Thread started: Thread Group 1-1
2024-05-09 12:12:53,767 INFO o.a.j.t.JMeterThread: Thread is done: Thread Group 1-1
2024-05-09 12:12:53,767 INFO o.a.j.t.JMeterThread: Thread finished: Thread Group 1-1
2024-05-09 12:12:53,767 INFO o.a.j.e.StandardJMeterEngine: Notifying test listeners of end of test
2024-05-09 12:12:53,767 INFO o.a.j.g.u.JMeterMenuBar: setRunning(false, *local*)
2024-05-09 12:14:09,259 INFO o.a.j.e.StandardJMeterEngine: Running the test!
2024-05-09 12:14:09,259 INFO o.a.j.s.SampleEvent: List of sample_variables: []
2024-05-09 12:14:09,275 INFO o.a.j.g.u.JMeterMenuBar: setRunning(true, *local*)
2024-05-09 12:14:09,345 INFO o.a.j.e.StandardJMeterEngine: Starting ThreadGroup: 1 : Thread Group
2024-05-09 12:14:09,345 INFO o.a.j.e.StandardJMeterEngine: Starting 1 threads for group Thread Group.
2024-05-09 12:14:09,345 INFO o.a.j.e.StandardJMeterEngine: Thread will continue on error
2024-05-09 12:14:09,345 INFO o.a.j.t.ThreadGroup: Starting thread group... number=1 threads=1 ramp-up=1 delayedStart=false
2024-05-09 12:14:09,345 INFO o.a.j.t.ThreadGroup: Started thread group number 1
2024-05-09 12:14:09,345 INFO o.a.j.e.StandardJMeterEngine: All thread groups have been started
2024-05-09 12:14:09,345 INFO o.a.j.t.JMeterThread: Thread started: Thread Group 1-1
2024-05-09 12:14:10,673 INFO o.a.j.t.JMeterThread: Thread is done: Thread Group 1-1
2024-05-09 12:14:10,673 INFO o.a.j.t.JMeterThread: Thread finished: Thread Group 1-1
2024-05-09 12:14:10,673 INFO o.a.j.e.StandardJMeterEngine: Notifying test listeners of end of test
2024-05-09 12:14:10,673 INFO o.a.j.g.u.JMeterMenuBar: setRunning(false, *local*)
2024-05-09 12:18:52,968 INFO o.a.j.e.StandardJMeterEngine: Running the test!
2024-05-09 12:18:52,983 INFO o.a.j.s.SampleEvent: List of sample_variables: []
2024-05-09 12:18:52,983 INFO o.a.j.g.u.JMeterMenuBar: setRunning(true, *local*)
2024-05-09 12:18:53,116 INFO o.a.j.e.StandardJMeterEngine: Starting ThreadGroup: 1 : Thread Group
2024-05-09 12:18:53,116 INFO o.a.j.e.StandardJMeterEngine: Starting 1 threads for group Thread Group.
2024-05-09 12:18:53,116 INFO o.a.j.e.StandardJMeterEngine: Thread will continue on error
2024-05-09 12:18:53,116 INFO o.a.j.t.ThreadGroup: Starting thread group... number=1 threads=1 ramp-up=1 delayedStart=false
2024-05-09 12:18:53,126 INFO o.a.j.t.ThreadGroup: Started thread group number 1
2024-05-09 12:18:53,126 INFO o.a.j.e.StandardJMeterEngine: All thread groups have been started
2024-05-09 12:18:53,126 INFO o.a.j.t.JMeterThread: Thread started: Thread Group 1-1
2024-05-09 12:18:54,312 INFO o.a.j.t.JMeterThread: Thread is done: Thread Group 1-1
2024-05-09 12:18:54,312 INFO o.a.j.t.JMeterThread: Thread finished: Thread Group 1-1
2024-05-09 12:18:54,312 INFO o.a.j.e.StandardJMeterEngine: Notifying test listeners of end of test
2024-05-09 12:18:54,312 INFO o.a.j.g.u.JMeterMenuBar: setRunning(false, *local*)
2024-05-09 12:21:17,757 INFO o.a.j.e.StandardJMeterEngine: Running the test!
2024-05-09 12:21:17,757 INFO o.a.j.s.SampleEvent: List of sample_variables: []
2024-05-09 12:21:17,757 INFO o.a.j.g.u.JMeterMenuBar: setRunning(true, *local*)
2024-05-09 12:21:17,804 INFO o.a.j.e.StandardJMeterEngine: Starting ThreadGroup: 1 : Thread Group
2024-05-09 12:21:17,804 INFO o.a.j.e.StandardJMeterEngine: Starting 1 threads for group Thread Group.
2024-05-09 12:21:17,804 INFO o.a.j.e.StandardJMeterEngine: Thread will continue on error
2024-05-09 12:21:17,804 INFO o.a.j.t.ThreadGroup: Starting thread group... number=1 threads=1 ramp-up=1 delayedStart=false
2024-05-09 12:21:17,804 INFO o.a.j.t.ThreadGroup: Started thread group number 1
2024-05-09 12:21:17,804 INFO o.a.j.e.StandardJMeterEngine: All thread groups have been started
2024-05-09 12:21:17,804 INFO o.a.j.t.JMeterThread: Thread started: Thread Group 1-1
2024-05-09 12:21:18,764 INFO o.a.j.t.JMeterThread: Thread is done: Thread Group 1-1
2024-05-09 12:21:18,764 INFO o.a.j.t.JMeterThread: Thread finished: Thread Group 1-1
2024-05-09 12:21:18,764 INFO o.a.j.e.StandardJMeterEngine: Notifying test listeners of end of test
2024-05-09 12:21:18,764 INFO o.a.j.g.u.JMeterMenuBar: setRunning(false, *local*)
2024-05-09 12:22:30,955 INFO o.a.j.e.StandardJMeterEngine: Running the test!
2024-05-09 12:22:30,955 INFO o.a.j.s.SampleEvent: List of sample_variables: []
2024-05-09 12:22:30,956 INFO o.a.j.g.u.JMeterMenuBar: setRunning(true, *local*)
2024-05-09 12:22:31,029 INFO o.a.j.e.StandardJMeterEngine: Starting ThreadGroup: 1 : Thread Group
2024-05-09 12:22:31,029 INFO o.a.j.e.StandardJMeterEngine: Starting 1 threads for group Thread Group.
2024-05-09 12:22:31,029 INFO o.a.j.e.StandardJMeterEngine: Thread will continue on error
2024-05-09 12:22:31,029 INFO o.a.j.t.ThreadGroup: Starting thread group... number=1 threads=1 ramp-up=1 delayedStart=false
2024-05-09 12:22:31,029 INFO o.a.j.t.ThreadGroup: Started thread group number 1
2024-05-09 12:22:31,029 INFO o.a.j.e.StandardJMeterEngine: All thread groups have been started
2024-05-09 12:22:31,029 INFO o.a.j.t.JMeterThread: Thread started: Thread Group 1-1
2024-05-09 12:22:32,189 INFO o.a.j.t.JMeterThread: Thread is done: Thread Group 1-1
2024-05-09 12:22:32,189 INFO o.a.j.t.JMeterThread: Thread finished: Thread Group 1-1
2024-05-09 12:22:32,189 INFO o.a.j.e.StandardJMeterEngine: Notifying test listeners of end of test
2024-05-09 12:22:32,205 INFO o.a.j.g.u.JMeterMenuBar: setRunning(false, *local*)
2024-05-09 12:25:27,322 INFO o.a.j.e.StandardJMeterEngine: Running the test!
2024-05-09 12:25:27,322 INFO o.a.j.s.SampleEvent: List of sample_variables: []
2024-05-09 12:25:27,322 INFO o.a.j.g.u.JMeterMenuBar: setRunning(true, *local*)
2024-05-09 12:25:27,382 INFO o.a.j.e.StandardJMeterEngine: Starting ThreadGroup: 1 : Thread Group
2024-05-09 12:25:27,382 INFO o.a.j.e.StandardJMeterEngine: Starting 1 threads for group Thread Group.
2024-05-09 12:25:27,382 INFO o.a.j.e.StandardJMeterEngine: Thread will continue on error
2024-05-09 12:25:27,382 INFO o.a.j.t.ThreadGroup: Starting thread group... number=1 threads=1 ramp-up=1 delayedStart=false
2024-05-09 12:25:27,382 INFO o.a.j.t.ThreadGroup: Started thread group number 1
2024-05-09 12:25:27,382 INFO o.a.j.e.StandardJMeterEngine: All thread groups have been started
2024-05-09 12:25:27,382 INFO o.a.j.t.JMeterThread: Thread started: Thread Group 1-1
2024-05-09 12:25:28,241 INFO o.a.j.t.JMeterThread: Thread is done: Thread Group 1-1
2024-05-09 12:25:28,241 INFO o.a.j.t.JMeterThread: Thread finished: Thread Group 1-1
2024-05-09 12:25:28,241 INFO o.a.j.e.StandardJMeterEngine: Notifying test listeners of end of test
2024-05-09 12:25:28,257 INFO o.a.j.g.u.JMeterMenuBar: setRunning(false, *local*)
2024-05-09 12:25:58,598 INFO o.a.j.e.StandardJMeterEngine: Running the test!
2024-05-09 12:25:58,598 INFO o.a.j.s.SampleEvent: List of sample_variables: []
2024-05-09 12:25:58,599 INFO o.a.j.g.u.JMeterMenuBar: setRunning(true, *local*)
2024-05-09 12:25:58,651 INFO o.a.j.e.StandardJMeterEngine: Starting ThreadGroup: 1 : Thread Group
2024-05-09 12:25:58,651 INFO o.a.j.e.StandardJMeterEngine: Starting 1 threads for group Thread Group.
2024-05-09 12:25:58,651 INFO o.a.j.e.StandardJMeterEngine: Thread will continue on error
2024-05-09 12:25:58,651 INFO o.a.j.t.ThreadGroup: Starting thread group... number=1 threads=1 ramp-up=1 delayedStart=false
2024-05-09 12:25:58,651 INFO o.a.j.t.ThreadGroup: Started thread group number 1
2024-05-09 12:25:58,651 INFO o.a.j.e.StandardJMeterEngine: All thread groups have been started
2024-05-09 12:25:58,651 INFO o.a.j.t.JMeterThread: Thread started: Thread Group 1-1
2024-05-09 12:25:59,789 INFO o.a.j.t.JMeterThread: Thread is done: Thread Group 1-1
2024-05-09 12:25:59,804 INFO o.a.j.t.JMeterThread: Thread finished: Thread Group 1-1
2024-05-09 12:25:59,804 INFO o.a.j.e.StandardJMeterEngine: Notifying test listeners of end of test
2024-05-09 12:25:59,804 INFO o.a.j.g.u.JMeterMenuBar: setRunning(false, *local*)
